<?xml version="1.0" encoding="UTF-8"?>
<!-- Generated by org.testng.reporters.JUnitReportReporter -->
<testsuite skipped="0" hostname="DESKTOP-OM5ADS1" name="com.testkit.servicetest.ResourceServiceTest" tests="1" failures="0" timestamp="2020-07-01T15:41:58 IST" time="2.009" errors="0">
  <testcase name="RST_05_ShouldRunSuccess_UpdateResource" time="2.009" classname="com.testkit.servicetest.ResourceServiceTest"/>
  <system-out/>
</testsuite> <!-- com.testkit.servicetest.ResourceServiceTest -->
